  OpenCVAppGUIDlg.cpp
D:\자율형 IoT\5_ComputerVision\sample_opencv\thirdparty\opencv_470\build\include\opencv2\core.hpp(1747,1): warning C4819: 현재 코드 페이지(949)에서 표시할 수 없는 문자가 파일에 들어 있습니다. 데이터가 손실되지 않게 하려면 해당 파일을 유니코드 형식으로 저장하십시오.
D:\자율형 IoT\5_ComputerVision\sample_opencv\thirdparty\opencv_470\build\include\opencv2\core.hpp(1747,1): warning C4819: 현재 코드 페이지(949)에서 표시할 수 없는 문자가 파일에 들어 있습니다. 데이터가 손실되지 않게 하려면 해당 파일을 유니코드 형식으로 저장하십시오.
D:\자율형 IoT\5_ComputerVision\sample_opencv\thirdparty\opencv_470\build\include\opencv2\core.hpp(1747,1): warning C4819: 현재 코드 페이지(949)에서 표시할 수 없는 문자가 파일에 들어 있습니다. 데이터가 손실되지 않게 하려면 해당 파일을 유니코드 형식으로 저장하십시오.
D:\자율형 IoT\5_ComputerVision\sample_opencv\thirdparty\opencv_470\build\include\opencv2\objdetect\aruco_board.hpp(1,1): warning C4819: 현재 코드 페이지(949)에서 표시할 수 없는 문자가 파일에 들어 있습니다. 데이터가 손실되지 않게 하려면 해당 파일을 유니코드 형식으로 저장하십시오.
D:\자율형 IoT\5_ComputerVision\sample_opencv\OpenCVAppGUI_Jo\OpenCVAppGUI\OpenCVAppGUIDlg.cpp(596,31): warning C4267: '초기화 중': 'size_t'에서 'int'(으)로 변환하면서 데이터가 손실될 수 있습니다.
D:\자율형 IoT\5_ComputerVision\sample_opencv\OpenCVAppGUI_Jo\OpenCVAppGUI\OpenCVAppGUIDlg.cpp(607,31): warning C4267: '초기화 중': 'size_t'에서 'int'(으)로 변환하면서 데이터가 손실될 수 있습니다.
D:\자율형 IoT\5_ComputerVision\sample_opencv\OpenCVAppGUI_Jo\OpenCVAppGUI\OpenCVAppGUIDlg.cpp(618,31): warning C4267: '초기화 중': 'size_t'에서 'int'(으)로 변환하면서 데이터가 손실될 수 있습니다.
D:\자율형 IoT\5_ComputerVision\sample_opencv\OpenCVAppGUI_Jo\OpenCVAppGUI\OpenCVAppGUIDlg.cpp(628,31): warning C4267: '초기화 중': 'size_t'에서 'int'(으)로 변환하면서 데이터가 손실될 수 있습니다.
D:\자율형 IoT\5_ComputerVision\sample_opencv\OpenCVAppGUI_Jo\OpenCVAppGUI\OpenCVAppGUIDlg.cpp(636,23): warning C4267: '인수': 'size_t'에서 '_Tp'(으)로 변환하면서 데이터가 손실될 수 있습니다.
          with
          [
              _Tp=int
          ]
D:\자율형 IoT\5_ComputerVision\sample_opencv\OpenCVAppGUI_Jo\OpenCVAppGUI\OpenCVAppGUIDlg.cpp(637,23): warning C4267: '인수': 'size_t'에서 '_Tp'(으)로 변환하면서 데이터가 손실될 수 있습니다.
          with
          [
              _Tp=int
          ]
D:\자율형 IoT\5_ComputerVision\sample_opencv\OpenCVAppGUI_Jo\OpenCVAppGUI\OpenCVAppGUIDlg.cpp(638,23): warning C4267: '인수': 'size_t'에서 '_Tp'(으)로 변환하면서 데이터가 손실될 수 있습니다.
          with
          [
              _Tp=int
          ]
D:\자율형 IoT\5_ComputerVision\sample_opencv\OpenCVAppGUI_Jo\OpenCVAppGUI\OpenCVAppGUIDlg.cpp(639,23): warning C4267: '인수': 'size_t'에서 '_Tp'(으)로 변환하면서 데이터가 손실될 수 있습니다.
          with
          [
              _Tp=int
          ]
D:\자율형 IoT\5_ComputerVision\sample_opencv\OpenCVAppGUI_Jo\OpenCVAppGUI\OpenCVAppGUIDlg.cpp(673,20): warning C4267: '=': 'size_t'에서 'int'(으)로 변환하면서 데이터가 손실될 수 있습니다.
D:\자율형 IoT\5_ComputerVision\sample_opencv\OpenCVAppGUI_Jo\OpenCVAppGUI\OpenCVAppGUIDlg.cpp(678,23): warning C4267: '=': 'size_t'에서 'int'(으)로 변환하면서 데이터가 손실될 수 있습니다.
D:\자율형 IoT\5_ComputerVision\sample_opencv\OpenCVAppGUI_Jo\OpenCVAppGUI\OpenCVAppGUIDlg.cpp(683,22): warning C4267: '=': 'size_t'에서 'int'(으)로 변환하면서 데이터가 손실될 수 있습니다.
D:\자율형 IoT\5_ComputerVision\sample_opencv\OpenCVAppGUI_Jo\OpenCVAppGUI\OpenCVAppGUIDlg.cpp(706,87): warning C4267: '인수': 'size_t'에서 'int'(으)로 변환하면서 데이터가 손실될 수 있습니다.
  OpenCVAppGUI.vcxproj -> D:\자율형 IoT\5_ComputerVision\sample_opencv\OpenCVAppGUI_Jo\Build\x64\OpenCVAppGUId.exe
