d:\자율형 iot\5_computervision\sample_opencv\opencvappgui\opencvappgui\x64\debug\opencvappguid.pch
d:\자율형 iot\5_computervision\sample_opencv\opencvappgui\opencvappgui\x64\debug\vc143.pdb
d:\자율형 iot\5_computervision\sample_opencv\opencvappgui\opencvappgui\x64\debug\vc143.idb
d:\자율형 iot\5_computervision\sample_opencv\opencvappgui\opencvappgui\x64\debug\pch.obj
d:\자율형 iot\5_computervision\sample_opencv\opencvappgui\opencvappgui\x64\debug\opencvappguidlg.obj
d:\자율형 iot\5_computervision\sample_opencv\opencvappgui\opencvappgui\x64\debug\opencvappgui.obj
d:\자율형 iot\5_computervision\sample_opencv\opencvappgui\build\x64\opencvappguid.exe
d:\자율형 iot\5_computervision\sample_opencv\opencvappgui\opencvappgui\x64\debug\opencvappguid.ilk
d:\자율형 iot\5_computervision\sample_opencv\opencvappgui\build\x64\opencvappguid.pdb
d:\자율형 iot\5_computervision\sample_opencv\opencvappgui\opencvappgui\x64\debug\opencvappgui.res
d:\자율형 iot\5_computervision\sample_opencv\opencvappgui\opencvappgui\x64\debug\opencvappgui.ilk
d:\자율형 iot\5_computervision\sample_opencv\opencvappgui\opencvappgui\x64\debug\opencvappgui.pch
d:\자율형 iot\5_computervision\sample_opencv\opencvappgui\opencvappgui\x64\debug\opencvappgui.tlog\cl.command.1.tlog
d:\자율형 iot\5_computervision\sample_opencv\opencvappgui\opencvappgui\x64\debug\opencvappgui.tlog\cl.read.1.tlog
d:\자율형 iot\5_computervision\sample_opencv\opencvappgui\opencvappgui\x64\debug\opencvappgui.tlog\cl.write.1.tlog
d:\자율형 iot\5_computervision\sample_opencv\opencvappgui\opencvappgui\x64\debug\opencvappgui.tlog\link.command.1.tlog
d:\자율형 iot\5_computervision\sample_opencv\opencvappgui\opencvappgui\x64\debug\opencvappgui.tlog\link.read.1.tlog
d:\자율형 iot\5_computervision\sample_opencv\opencvappgui\opencvappgui\x64\debug\opencvappgui.tlog\link.write.1.tlog
d:\자율형 iot\5_computervision\sample_opencv\opencvappgui\opencvappgui\x64\debug\opencvappgui.tlog\rc.command.1.tlog
d:\자율형 iot\5_computervision\sample_opencv\opencvappgui\opencvappgui\x64\debug\opencvappgui.tlog\rc.read.1.tlog
d:\자율형 iot\5_computervision\sample_opencv\opencvappgui\opencvappgui\x64\debug\opencvappgui.tlog\rc.write.1.tlog
